<?xml version="1.0" encoding="UTF-8"?>
<!-- Generated by org.testng.reporters.JUnitReportReporter -->
<testsuite hostname="MJ-PC" name="TestNG.DemoTestNG" tests="1" failures="0" timestamp="6 Mar 2016 15:35:57 GMT" time="11.989" errors="0">
  <testcase name="gmailLogin" time="11.989" classname="TestNG.DemoTestNG"/>
</testsuite> <!-- TestNG.DemoTestNG -->
