<?xml version="1.0" encoding="UTF-8"?>
<!-- Generated by org.testng.reporters.JUnitReportReporter -->
<testsuite hostname="MJ-PC" name="TestNG.HandlingDropDown" tests="1" failures="0" timestamp="6 Mar 2016 17:51:39 GMT" time="23.880" errors="0">
  <testcase name="testSelectFunctionality" time="23.880" classname="TestNG.HandlingDropDown"/>
</testsuite> <!-- TestNG.HandlingDropDown -->
