<?xml version="1.0" encoding="UTF-8"?>
<!-- Generated by org.testng.reporters.JUnitReportReporter -->
<testsuite hostname="MJ-PC" name="firsttestngpackage.FirstTestNGFile" tests="1" failures="0" timestamp="6 Mar 2016 04:49:23 GMT" time="14.645" errors="0">
  <testcase name="verifyHomePageTitle" time="14.645" classname="firsttestngpackage.FirstTestNGFile"/>
</testsuite> <!-- firsttestngpackage.FirstTestNGFile -->
